4145
0 0 0 11
0 12 0 23
0 24 0 35
0 36 0 47
0 48 0 59
0 60 0 71
0 72 0 83
0 84 0 95
0 96 0 107
0 108 0 119
0 120 0 131
0 132 0 143
0 144 0 155
0 156 0 167
0 168 0 179
0 180 0 191
0 192 0 203
0 204 0 215
0 216 1 221
0 222 0 233
0 234 0 245
0 246 11 246
0 247 11 247
0 248 11 248
0 249 11 249
1 0 1 11
1 12 1 23
1 24 1 35
1 36 1 47
1 48 1 59
1 60 1 71
1 72 1 83
1 84 1 95
1 96 1 107
1 108 1 119
1 120 1 131
1 132 1 143
1 144 1 155
1 156 1 167
1 168 1 179
1 180 1 191
1 192 12 192
1 193 12 193
1 194 12 194
1 195 12 195
1 196 12 196
1 197 12 197
1 198 1 209
1 210 2 215
1 222 1 233
1 234 1 245
2 0 3 5
2 6 13 6
2 7 3 12
2 13 2 24
2 25 2 36
2 37 2 48
2 49 2 60
2 61 2 72
2 73 2 84
2 85 2 96
2 97 2 108
2 109 2 120
2 121 2 132
2 133 2 144
2 145 2 156
2 157 2 168
2 169 2 180
2 181 3 186
2 187 3 191
2 198 2 209
2 216 2 227
2 228 2 239
2 240 3 245
3 13 3 24
3 25 3 36
3 37 3 48
3 49 3 60
3 61 3 72
3 73 3 84
3 85 3 96
3 97 3 108
3 109 3 120
3 121 3 132
3 133 3 144
3 145 3 156
3 157 3 168
3 169 3 180
3 198 5 201
3 202 4 207
3 208 3 219
3 220 3 231
3 232 3 239
4 0 5 5
4 7 4 18
4 19 4 30
4 31 4 42
4 43 4 54
4 55 4 66
4 67 5 72
4 73 4 84
4 85 4 96
4 97 5 102
4 103 4 114
4 115 5 120
4 121 4 132
4 133 4 144
4 145 4 156
4 157 4 168
4 169 4 180
4 181 4 191
4 208 4 219
4 220 5 225
4 226 4 237
4 239 5 244
4 245 15 245
5 7 5 18
5 19 5 30
5 31 5 42
5 43 6 48
5 49 5 60
5 61 6 66
5 73 5 84
5 85 5 96
5 103 5 114
5 121 5 132
5 133 5 144
5 145 5 156
5 157 5 168
5 169 5 180
5 181 5 191
5 202 5 213
5 214 6 219
5 226 5 237
6 0 7 5
6 7 6 18
6 19 6 30
6 31 6 42
6 49 6 60
6 67 6 78
6 79 6 90
6 91 6 102
6 103 11 104
6 105 6 116
6 117 6 128
6 129 6 140
6 141 6 152
6 153 6 164
6 165 6 176
6 177 6 188
6 189 17 189
6 190 11 191
6 198 6 209
6 210 8 213
6 220 7 225
6 226 6 237
6 238 7 243
6 244 17 244
7 7 7 18
7 19 7 30
7 31 7 42
7 43 7 54
7 55 7 66
7 67 8 72
7 73 7 84
7 85 7 96
7 97 8 102
7 105 7 116
7 117 7 128
7 129 7 140
7 141 7 152
7 153 7 164
7 165 7 176
7 177 7 188
7 198 8 203
7 204 8 209
7 214 8 219
7 226 7 237
8 0 10 3
8 4 13 5
8 7 8 18
8 19 8 30
8 31 8 42
8 43 8 54
8 55 8 66
8 73 9 78
8 79 8 90
8 91 9 96
8 105 8 116
8 117 8 128
8 129 8 140
8 141 8 152
8 153 8 164
8 165 8 176
8 177 8 188
8 220 10 223
8 224 13 225
8 226 10 229
8 230 8 241
8 242 19 242
8 243 19 243
9 7 9 18
9 19 9 30
9 31 9 42
9 43 9 54
9 55 9 66
9 67 10 72
9 79 9 90
9 97 10 102
9 105 9 116
9 117 9 128
9 129 9 140
9 141 20 141
9 142 20 142
9 143 20 143
9 144 9 155
9 156 9 167
9 168 9 179
9 180 9 188
9 198 9 209
9 210 9 219
9 230 9 241
10 7 10 18
10 19 10 30
10 31 10 42
10 43 10 54
10 55 10 66
10 73 10 84
10 85 10 96
10 105 11 110
10 111 10 122
10 123 12 126
10 127 10 138
10 139 21 139
10 140 21 140
10 144 10 155
10 156 10 167
10 168 10 179
10 180 10 188
10 198 10 209
10 210 10 219
10 230 10 241
11 0 13 3
11 7 11 18
11 19 11 30
11 31 11 42
11 43 22 43
11 44 11 55
11 56 11 67
11 68 11 79
11 80 11 91
11 92 11 102
11 111 11 122
11 127 11 138
11 144 11 155
11 156 13 159
11 160 11 171
11 172 11 183
11 184 13 187
11 188 22 188
11 198 11 209
11 210 11 221
11 222 22 222
11 223 22 223
11 226 11 237
11 238 13 241
12 7 12 18
12 19 12 30
12 31 12 42
12 44 12 55
12 56 14 59
12 60 12 71
12 72 12 83
12 84 12 95
12 96 12 107
12 108 12 119
12 120 17 121
12 122 23 122
12 127 12 138
12 144 12 155
12 160 12 171
12 172 12 183
12 190 23 190
12 191 23 191
12 198 12 209
12 210 12 221
12 226 12 237
12 246 23 246
12 247 23 247
12 248 23 248
12 249 23 249
13 7 14 12
13 13 13 24
13 25 13 36
13 37 14 42
13 44 13 55
13 60 13 71
13 72 13 83
13 84 13 95
13 96 13 107
13 108 13 119
13 123 13 134
13 135 14 138
13 144 14 149
13 150 14 155
13 160 13 171
13 172 13 183
13 192 13 203
13 204 13 215
13 216 14 221
13 226 13 237
14 0 15 5
14 6 25 6
14 13 14 24
14 25 14 36
14 44 14 55
14 60 14 71
14 72 14 83
14 84 14 95
14 96 15 101
14 102 14 113
14 114 15 119
14 123 14 134
14 156 15 161
14 162 14 173
14 174 14 185
14 186 25 186
14 187 25 187
14 192 15 197
14 198 14 209
14 210 15 215
14 224 14 235
14 236 15 241
15 7 15 18
15 19 15 30
15 31 15 42
15 44 15 55
15 56 15 67
15 68 15 79
15 80 15 91
15 92 17 95
15 102 15 113
15 123 15 134
15 135 26 135
15 136 26 136
15 137 20 138
15 144 15 155
15 162 15 173
15 174 15 185
15 198 15 209
15 216 16 221
15 224 15 235
16 0 17 5
16 7 16 18
16 19 16 30
16 31 16 42
16 44 16 55
16 56 16 67
16 68 17 73
16 74 16 85
16 86 27 86
16 87 18 90
16 96 16 107
16 108 16 119
16 123 16 134
16 144 16 155
16 156 16 167
16 168 16 179
16 180 17 185
16 192 16 203
16 204 16 215
16 224 18 227
16 229 27 229
16 230 16 241
16 245 27 245
17 7 17 18
17 19 17 30
17 31 17 42
17 44 17 55
17 56 17 67
17 74 17 85
17 91 28 91
17 96 17 107
17 108 19 111
17 112 19 115
17 116 18 119
17 123 17 134
17 144 17 155
17 156 17 167
17 168 17 179
17 192 17 203
17 204 17 215
17 216 18 221
17 230 17 241
18 0 19 5
18 7 18 18
18 19 18 30
18 31 18 42
18 44 18 55
18 56 18 67
18 68 19 73
18 74 18 85
18 92 18 103
18 104 20 107
18 120 29 120
18 121 29 121
18 123 18 134
18 144 18 155
18 156 18 167
18 168 18 179
18 180 19 185
18 189 29 189
18 192 18 203
18 204 18 215
18 230 18 241
18 244 29 244
19 7 20 12
19 13 19 24
19 25 19 36
19 37 21 40
19 41 30 41
19 42 30 42
19 44 19 55
19 56 19 67
19 74 19 85
19 87 20 90
19 92 19 103
19 116 22 118
19 119 30 119
19 123 19 134
19 144 19 155
19 156 19 167
19 168 19 179
19 192 19 203
19 204 19 215
19 216 20 221
19 224 20 228
19 230 20 235
19 236 20 241
20 0 21 5
20 13 20 24
20 25 20 36
20 44 20 55
20 56 20 67
20 68 21 73
20 74 20 85
20 92 20 103
20 108 20 115
20 123 20 134
20 144 22 147
20 148 31 148
20 149 20 160
20 161 20 172
20 173 20 184
20 185 31 185
20 192 20 203
20 204 20 215
20 242 25 243
21 7 21 18
21 19 21 30
21 31 22 36
21 44 21 55
21 56 21 67
21 74 21 85
21 87 23 90
21 92 21 103
21 104 21 115
21 123 21 134
21 137 32 137
21 138 32 138
21 141 23 143
21 149 21 160
21 161 21 172
21 173 32 173
21 174 32 174
21 175 32 175
21 176 32 176
21 177 23 180
21 181 22 184
21 192 32 192
21 193 21 204
21 205 21 216
21 217 22 221
21 224 22 228
21 230 21 241
22 0 23 5
22 7 22 18
22 19 22 30
22 37 23 40
22 44 22 55
22 56 22 67
22 68 22 79
22 80 23 85
22 92 22 103
22 104 22 115
22 123 22 134
22 139 33 139
22 140 33 140
22 149 22 160
22 161 22 172
22 193 24 196
22 197 22 208
22 209 23 214
22 215 27 216
22 230 22 241
23 7 23 18
23 19 23 30
23 31 25 34
23 35 28 36
23 43 24 48
23 49 23 60
23 61 23 72
23 73 24 78
23 79 34 79
23 92 23 103
23 104 23 115
23 117 34 117
23 118 34 118
23 123 23 134
23 144 24 147
23 149 23 160
23 161 23 172
23 181 24 184
23 188 34 188
23 197 23 208
23 217 23 228
23 230 24 235
23 236 24 241
24 0 25 5
24 7 24 18
24 19 24 30
24 37 35 37
24 38 35 38
24 39 35 39
24 40 35 40
24 49 24 60
24 61 24 72
24 80 25 85
24 87 35 87
24 88 35 88
24 89 35 89
24 92 24 103
24 104 24 115
24 116 35 116
24 122 24 133
24 141 26 143
24 149 24 160
24 161 24 172
24 177 26 180
24 190 35 190
24 191 35 191
24 197 24 208
24 209 25 214
24 217 24 228
24 246 26 249
25 7 25 18
25 19 25 30
25 43 25 54
25 55 27 58
25 59 26 64
25 65 25 76
25 77 36 77
25 78 36 78
25 92 25 103
25 104 25 115
25 122 25 133
25 134 36 134
25 144 27 147
25 149 26 154
25 155 27 158
25 159 25 170
25 171 36 171
25 172 36 172
25 181 27 184
25 193 25 204
25 205 27 208
25 217 25 228
25 230 26 235
25 236 26 241
26 0 26 11
26 12 26 23
26 24 26 34
26 43 26 54
26 65 26 76
26 80 27 85
26 92 26 103
26 104 26 115
26 122 26 133
26 159 26 170
26 186 37 186
26 187 37 187
26 193 26 204
26 209 27 214
26 217 26 228
26 242 37 242
26 243 37 243
27 0 27 11
27 12 27 23
27 24 28 29
27 30 29 33
27 34 38 34
27 43 27 54
27 59 27 70
27 71 29 74
27 75 38 75
27 76 38 76
27 92 27 103
27 104 27 115
27 122 27 133
27 135 38 135
27 136 38 136
27 141 38 141
27 142 38 142
27 149 29 152
27 153 32 154
27 159 27 170
27 177 29 180
27 193 27 204
27 217 27 228
27 230 28 235
27 236 29 239
27 240 38 240
27 241 38 241
27 246 28 249
28 0 28 11
28 12 28 23
28 43 28 54
28 55 28 66
28 67 30 70
28 80 39 80
28 82 30 85
28 92 28 103
28 104 28 115
28 122 39 122
28 123 39 123
28 124 39 124
28 125 39 125
28 126 33 127
28 128 29 133
28 143 29 147
28 155 28 166
28 167 30 170
28 181 30 184
28 193 28 204
28 205 28 216
28 217 29 222
28 223 29 228
28 229 39 229
28 245 39 245
29 0 29 11
29 12 29 23
29 24 30 29
29 35 40 35
29 36 40 36
29 43 30 48
29 49 30 54
29 55 29 66
29 90 29 101
29 102 29 113
29 114 40 114
29 155 29 166
29 193 29 204
29 205 29 216
29 230 30 235
29 246 40 246
29 247 40 247
29 248 34 249
30 0 30 11
30 12 30 23
30 30 32 33
30 55 30 66
30 71 35 72
30 90 30 101
30 102 30 113
30 115 41 115
30 120 41 120
30 121 41 121
30 128 31 133
30 143 31 147
30 149 31 152
30 155 30 166
30 177 32 180
30 193 30 204
30 205 30 216
30 217 30 228
30 236 32 239
30 244 41 244
31 0 31 11
31 12 31 23
31 24 32 29
31 41 32 46
31 47 42 47
31 48 33 51
31 52 31 63
31 64 32 69
31 74 42 74
31 81 32 86
31 90 31 101
31 102 31 113
31 119 42 119
31 155 31 166
31 167 33 170
31 181 42 181
31 182 42 182
31 183 42 183
31 193 31 204
31 205 31 216
31 217 31 228
31 230 32 235
32 0 32 11
32 12 32 23
32 52 32 63
32 90 32 101
32 102 32 113
32 128 33 133
32 143 32 152
32 155 32 166
32 184 43 184
32 185 43 185
32 193 32 204
32 205 32 216
32 217 33 222
32 223 33 228
33 0 33 11
33 12 33 23
33 24 34 29
33 30 34 33
33 41 34 46
33 52 33 63
33 64 34 69
33 81 35 84
33 85 44 85
33 86 44 86
33 90 33 101
33 102 33 113
33 137 44 137
33 138 44 138
33 143 33 154
33 155 33 166
33 173 44 173
33 174 44 174
33 175 35 178
33 179 44 179
33 180 44 180
33 189 44 189
33 192 34 197
33 198 44 198
33 199 34 204
33 205 44 205
33 206 44 206
33 207 44 207
33 208 44 208
33 209 34 214
33 215 44 215
33 216 44 216
33 230 33 239
34 0 36 3
34 4 36 7
34 8 35 13
34 14 35 19
34 20 45 20
34 21 45 21
34 22 45 22
34 48 34 59
34 60 36 63
34 70 45 70
34 73 45 73
34 90 35 95
34 97 36 100
34 101 45 101
34 102 35 107
34 108 35 113
34 126 35 131
34 132 39 133
34 139 45 139
34 140 45 140
34 143 34 154
34 155 34 166
34 167 36 170
34 217 34 228
34 230 34 239
35 23 35 33
35 41 36 46
35 48 35 59
35 64 36 69
35 79 46 79
35 117 46 117
35 143 35 154
35 155 35 166
35 188 46 188
35 192 36 197
35 199 36 204
35 209 36 214
35 217 35 228
35 230 36 235
35 236 37 239
35 248 46 248
35 249 46 249
36 8 47 8
36 9 38 12
36 13 38 16
36 17 47 17
36 18 47 18
36 23 36 33
36 37 37 40
36 48 36 59
36 71 47 71
36 72 47 72
36 81 47 81
36 84 47 84
36 87 36 96
36 102 47 102
36 103 38 106
36 107 37 112
36 116 47 116
36 126 37 131
36 143 36 154
36 155 36 166
36 175 38 178
36 190 47 190
36 191 47 191
36 217 37 222
36 223 47 223
36 224 47 224
36 225 41 226
36 227 47 227
36 228 47 228
37 0 38 5
37 6 48 6
37 7 48 7
37 23 38 28
37 29 38 33
37 41 38 46
37 48 38 53
37 54 37 65
37 66 48 66
37 67 48 67
37 68 48 68
37 69 48 69
37 77 48 77
37 78 48 78
37 82 48 82
37 87 37 98
37 99 48 99
37 113 48 113
37 134 48 134
37 143 37 154
37 155 37 166
37 167 48 167
37 168 48 168
37 169 39 172
37 192 38 197
37 199 38 204
37 209 38 214
37 230 38 235
38 37 40 40
38 54 38 65
38 83 49 83
38 87 38 98
38 107 39 112
38 126 39 131
38 143 38 154
38 155 38 166
38 186 49 186
38 187 49 187
38 217 39 222
38 236 40 239
38 242 49 242
38 243 49 243
39 0 40 5
39 9 39 16
39 23 39 34
39 41 40 46
39 48 39 59
39 60 41 63
39 64 50 64
39 65 50 65
39 75 50 75
39 76 50 76
39 87 39 98
39 103 40 106
39 135 50 135
39 136 50 136
39 141 39 152
39 153 39 164
39 165 50 165
39 166 50 166
39 175 41 178
39 192 40 197
39 199 40 204
39 209 42 211
39 212 44 213
39 214 50 214
39 230 40 235
39 240 50 240
39 241 50 241
40 9 40 16
40 23 42 26
40 27 42 30
40 31 42 34
40 48 40 59
40 80 51 80
40 87 40 98
40 107 41 112
40 122 42 125
40 126 41 131
40 133 51 133
40 141 40 152
40 153 40 164
40 169 42 172
40 217 41 222
40 229 51 229
40 245 51 245
41 0 42 5
41 9 42 14
41 15 52 15
41 16 52 16
41 35 41 46
41 48 41 59
41 87 41 98
41 103 42 106
41 114 52 114
41 141 41 152
41 153 41 164
41 192 42 197
41 199 43 202
41 203 52 203
41 204 52 204
41 230 41 239
41 246 52 246
41 247 52 247
42 35 43 40
42 41 43 46
42 48 42 59
42 60 44 63
42 87 42 98
42 107 43 112
42 115 53 115
42 120 53 120
42 121 53 121
42 126 43 131
42 141 42 152
42 153 42 164
42 175 47 176
42 177 53 177
42 178 53 178
42 217 43 222
42 225 53 225
42 226 53 226
42 230 42 239
43 0 44 5
43 9 44 14
43 23 43 34
43 47 43 58
43 59 54 59
43 74 54 74
43 87 43 98
43 100 54 100
43 103 44 106
43 118 54 118
43 119 54 119
43 122 44 125
43 141 43 152
43 153 43 164
43 169 45 172
43 181 54 181
43 182 54 182
43 183 54 183
43 192 44 197
43 209 45 211
43 230 44 235
43 236 54 236
43 237 48 238
43 239 54 239
44 23 44 34
44 35 44 46
44 47 44 58
44 87 44 98
44 107 45 112
44 126 45 131
44 141 44 152
44 153 44 164
44 184 55 184
44 185 55 185
44 199 46 202
44 217 45 222
45 0 46 5
45 9 46 14
45 23 45 34
45 35 45 46
45 47 45 58
45 60 56 60
45 61 56 61
45 62 56 62
45 63 56 63
45 85 45 96
45 97 56 97
45 98 56 98
45 103 56 103
45 104 56 104
45 105 56 105
45 106 56 106
45 122 47 125
45 137 56 137
45 138 56 138
45 141 45 152
45 153 45 164
45 179 56 179
45 180 56 180
45 192 46 197
45 198 56 198
45 205 47 208
45 212 56 212
45 213 56 213
45 215 56 215
45 216 56 216
45 230 46 235
46 19 46 30
46 31 46 42
46 43 46 54
46 55 57 55
46 56 51 57
46 70 57 70
46 73 57 73
46 85 47 90
46 91 47 96
46 101 57 101
46 107 57 107
46 108 48 111
46 112 57 112
46 126 47 131
46 139 46 150
46 151 46 162
46 163 57 163
46 164 57 164
46 169 47 174
46 189 57 189
46 209 48 211
46 217 48 220
46 221 57 221
46 222 57 222
46 244 57 244
47 0 48 5
47 9 48 14
47 19 47 30
47 31 48 36
47 37 47 48
47 49 48 54
47 79 58 79
47 117 58 117
47 139 47 150
47 151 47 162
47 188 58 188
47 192 48 197
47 199 49 202
47 230 48 235
47 248 58 248
48 8 59 8
48 17 48 28
48 29 59 29
48 30 59 30
48 37 48 48
48 71 59 71
48 72 59 72
48 81 59 81
48 84 48 95
48 96 59 96
48 116 59 116
48 122 48 132
48 139 49 144
48 145 48 156
48 157 49 162
48 169 49 174
48 176 59 176
48 190 53 191
48 205 50 208
48 223 59 223
48 224 59 224
48 227 59 227
48 249 59 249
49 0 49 7
49 9 60 9
49 10 51 13
49 14 60 14
49 17 49 28
49 31 49 42
49 43 49 54
49 58 60 58
49 66 50 69
49 77 60 77
49 78 60 78
49 84 49 95
49 99 60 99
49 108 50 111
49 113 60 113
49 122 49 132
49 134 60 134
49 145 49 156
49 167 60 167
49 168 60 168
49 192 50 197
49 209 52 211
49 217 51 220
49 230 50 235
50 0 51 5
50 6 61 6
50 7 61 7
50 17 50 28
50 31 50 42
50 43 50 54
50 82 50 93
50 94 61 94
50 95 61 95
50 102 61 102
50 122 51 127
50 128 52 131
50 139 50 150
50 151 50 162
50 169 51 174
50 186 61 186
50 187 61 187
50 199 52 202
50 242 61 242
51 17 51 28
51 31 51 42
51 43 51 54
51 64 52 69
51 75 62 75
51 76 62 76
51 82 51 93
51 108 53 111
51 135 62 135
51 136 62 136
51 139 51 150
51 151 53 154
51 155 62 155
51 156 52 161
51 162 62 162
51 165 62 165
51 192 62 192
51 193 62 193
51 194 53 197
51 205 53 208
51 214 62 214
51 230 52 235
51 237 62 237
51 238 62 238
51 240 56 241
51 243 62 243
52 0 53 5
52 10 54 13
52 17 52 28
52 31 52 42
52 43 52 54
52 56 63 56
52 57 63 57
52 80 63 80
52 82 52 93
52 122 53 127
52 132 57 133
52 139 52 150
52 169 53 174
52 175 63 175
52 217 53 220
52 228 57 229
53 15 53 26
53 27 64 27
53 28 64 28
53 31 53 42
53 43 53 54
53 64 54 69
53 82 53 93
53 114 64 114
53 128 54 131
53 139 53 150
53 156 54 161
53 199 54 204
53 209 64 209
53 210 64 210
53 211 64 211
53 230 54 235
53 245 55 247
54 0 55 5
54 15 54 26
54 31 54 42
54 43 54 54
54 82 54 93
54 108 56 111
54 115 65 115
54 120 55 125
54 126 65 126
54 127 65 127
54 139 54 150
54 151 56 154
54 169 55 174
54 177 65 177
54 178 65 178
54 191 65 191
54 194 55 197
54 205 56 208
54 217 56 220
54 225 65 225
54 226 65 226
55 10 57 13
55 15 55 26
55 31 55 42
55 43 56 48
55 49 56 54
55 64 56 69
55 74 66 74
55 82 57 85
55 86 56 91
55 93 66 93
55 100 66 100
55 118 66 118
55 119 66 119
55 128 57 131
55 139 55 150
55 156 56 161
55 181 57 183
55 190 66 190
55 199 57 202
55 203 66 203
55 204 66 204
55 230 56 235
55 239 66 239
56 0 57 5
56 15 56 26
56 31 56 42
56 92 67 92
56 120 57 125
56 139 56 150
56 169 57 174
56 184 67 184
56 185 67 185
56 194 58 197
56 245 61 246
56 247 67 247
57 15 57 26
57 31 57 42
57 43 58 48
57 49 58 54
57 59 58 64
57 65 59 68
57 69 68 69
57 86 58 91
57 97 68 97
57 98 68 98
57 103 58 106
57 108 58 111
57 137 58 142
57 143 57 154
57 156 58 161
57 179 68 179
57 180 68 180
57 198 68 198
57 205 58 208
57 212 68 212
57 213 68 213
57 215 58 220
57 230 58 235
57 241 68 241
58 0 59 5
58 10 60 13
58 15 59 20
58 21 59 26
58 31 58 42
58 55 69 55
58 70 69 70
58 73 69 73
58 82 60 85
58 101 69 101
58 107 69 107
58 112 69 112
58 120 59 125
58 128 59 133
58 143 58 154
58 163 69 163
58 164 69 164
58 169 59 174
58 181 60 183
58 189 69 189
58 199 60 202
58 221 69 221
58 222 69 222
58 240 69 240
58 244 69 244
59 31 59 42
59 43 59 54
59 59 60 64
59 79 70 79
59 86 60 91
59 103 70 103
59 104 70 104
59 105 70 105
59 106 70 106
59 108 61 111
59 117 70 117
59 137 61 140
59 141 59 152
59 153 70 153
59 156 60 161
59 188 70 188
59 194 60 197
59 205 70 205
59 206 70 206
59 207 70 207
59 208 70 208
59 215 61 218
59 219 70 219
59 228 60 233
59 234 70 234
59 248 70 248
60 0 61 5
60 8 71 8
60 15 60 26
60 29 60 40
60 41 60 52
60 65 61 68
60 71 71 71
60 72 71 72
60 81 71 81
60 96 71 96
60 120 61 125
60 128 61 133
60 141 60 152
60 169 71 169
60 171 62 174
60 176 71 176
60 220 71 220
60 223 71 223
60 224 71 224
60 227 71 227
60 249 71 249
61 9 61 20
61 21 62 26
61 29 62 34
61 35 61 46
61 47 62 52
61 53 66 54
61 58 63 61
61 62 72 62
61 63 72 63
61 64 72 64
61 77 66 78
61 82 62 87
61 88 63 91
61 99 72 99
61 113 72 113
61 134 72 134
61 141 61 152
61 156 62 161
61 166 72 166
61 167 72 167
61 168 72 168
61 181 72 181
61 182 66 183
61 194 62 197
61 199 63 202
61 228 62 233
62 0 63 5
62 6 67 7
62 9 62 20
62 35 62 46
62 65 64 68
62 94 73 94
62 95 73 95
62 102 73 102
62 108 64 111
62 116 73 116
62 120 63 125
62 129 73 129
62 130 73 130
62 131 73 131
62 132 73 132
62 133 73 133
62 137 62 148
62 149 64 152
62 186 73 186
62 215 64 218
62 242 73 242
62 245 73 245
62 246 73 246
63 9 63 20
63 21 65 24
63 25 74 25
63 26 74 26
63 29 63 40
63 41 63 52
63 75 74 75
63 76 74 76
63 82 64 87
63 128 74 128
63 135 64 140
63 141 74 141
63 142 65 145
63 146 65 148
63 154 63 162
63 165 74 165
63 171 65 174
63 187 74 187
63 192 64 197
63 214 74 214
63 228 64 233
63 235 74 235
63 237 68 238
63 243 74 243
64 0 65 5
64 9 65 14
64 15 75 15
64 16 75 16
64 17 66 20
64 29 64 40
64 41 64 52
64 56 65 61
64 80 75 80
64 88 66 91
64 120 65 125
64 154 69 155
64 156 66 159
64 160 75 160
64 161 75 161
64 162 75 162
64 175 75 175
64 199 65 202
65 27 65 38
65 39 65 50
65 51 76 51
65 66 76 66
65 67 76 67
65 68 76 68
65 82 66 87
65 108 66 111
65 114 76 114
65 135 66 140
65 149 67 152
65 192 67 195
65 196 76 196
65 197 76 197
65 209 70 210
65 211 76 211
65 215 67 218
65 228 66 233
66 0 67 5
66 9 67 14
66 21 68 24
66 27 66 38
66 39 66 50
66 52 77 52
66 56 67 61
66 115 77 115
66 120 67 125
66 126 77 126
66 127 77 127
66 142 67 147
66 148 77 148
66 170 67 174
66 177 77 177
66 178 77 178
66 191 77 191
66 199 77 199
66 200 71 201
66 202 77 202
66 225 77 225
66 226 77 226
67 17 78 17
67 18 78 18
67 19 78 19
67 20 78 20
67 27 67 38
67 39 67 50
67 53 78 53
67 54 78 54
67 74 78 74
67 77 78 77
67 78 78 78
67 82 67 91
67 93 78 93
67 100 78 100
67 108 68 111
67 118 78 118
67 135 68 140
67 156 69 159
67 183 78 183
67 190 78 190
67 203 78 203
67 204 78 204
67 228 68 233
67 236 78 236
68 0 69 5
68 6 79 6
68 7 79 7
68 9 69 14
68 27 68 38
68 39 68 50
68 56 69 61
68 82 69 87
68 88 70 91
68 92 79 92
68 119 69 124
68 142 69 147
68 149 70 152
68 170 69 174
68 184 79 184
68 192 69 195
68 215 69 218
68 247 79 247
69 21 80 21
69 22 74 23
69 24 80 24
69 27 69 38
69 39 69 50
69 69 80 69
69 97 80 97
69 98 80 98
69 108 71 111
69 125 80 125
69 135 70 140
69 179 80 179
69 180 80 180
69 212 80 212
69 213 80 213
69 228 70 233
69 237 80 237
69 238 80 238
70 0 71 5
70 9 71 14
70 27 70 38
70 39 70 50
70 55 71 60
70 61 81 61
70 65 81 65
70 73 81 73
70 82 71 87
70 101 81 101
70 107 81 107
70 112 81 112
70 119 71 124
70 142 71 147
70 154 81 154
70 156 81 156
70 157 81 157
70 158 81 158
70 159 81 159
70 163 81 163
70 164 81 164
70 170 71 174
70 185 81 185
70 189 81 189
70 192 72 195
70 198 81 198
70 215 72 218
70 221 75 222
70 239 72 241
70 244 81 244
71 27 71 38
71 39 71 50
71 79 82 79
71 88 72 91
71 103 73 106
71 135 72 140
71 149 72 153
71 188 82 188
71 205 72 210
71 219 82 219
71 228 72 233
71 234 82 234
72 0 73 5
72 8 73 13
72 14 83 14
72 27 72 38
72 39 72 50
72 55 73 60
72 70 75 72
72 81 73 86
72 87 83 87
72 96 83 96
72 108 74 111
72 119 73 124
72 142 73 147
72 169 73 174
72 176 83 176
72 200 83 200
72 220 83 220
72 223 83 223
72 224 83 224
72 227 83 227
72 248 77 249
73 27 73 38
73 39 75 42
73 43 74 48
73 49 84 49
73 50 84 50
73 62 84 62
73 63 84 63
73 64 84 64
73 88 75 91
73 99 84 99
73 113 84 113
73 134 74 139
73 149 74 153
73 166 84 166
73 167 84 167
73 168 84 168
73 181 84 181
73 192 75 195
73 205 74 210
73 215 75 218
73 228 74 233
74 0 75 5
74 8 75 13
74 27 74 38
74 55 75 60
74 81 75 86
74 94 85 94
74 95 85 95
74 102 75 106
74 116 85 116
74 119 75 124
74 129 75 133
74 140 85 140
74 142 75 147
74 169 75 174
74 201 85 201
74 241 79 242
74 245 85 245
74 246 85 246
75 22 86 22
75 23 86 23
75 25 75 36
75 37 86 37
75 38 86 38
75 43 76 48
75 75 86 75
75 108 86 108
75 109 86 109
75 110 86 110
75 111 86 111
75 128 86 128
75 134 76 139
75 141 86 141
75 149 76 153
75 165 86 165
75 186 80 187
75 205 76 210
75 214 86 214
75 228 76 233
75 235 86 235
75 239 86 239
75 243 86 243
76 0 77 5
76 8 77 13
76 15 81 16
76 25 76 36
76 39 78 42
76 55 77 60
76 71 87 71
76 72 87 72
76 80 78 83
76 84 87 84
76 85 81 86
76 88 78 91
76 102 78 105
76 106 87 106
76 119 87 119
76 121 87 121
76 122 87 122
76 123 87 123
76 124 87 124
76 129 77 133
76 142 78 145
76 146 87 146
76 147 87 147
76 155 87 155
76 160 78 162
76 169 77 174
76 175 87 175
76 192 78 195
76 215 78 218
76 221 87 221
76 222 87 222
77 25 77 36
77 43 78 48
77 51 88 51
77 66 88 66
77 67 82 68
77 114 88 114
77 134 78 139
77 149 88 149
77 150 88 150
77 151 88 151
77 152 88 152
77 153 88 153
77 197 88 197
77 205 78 210
77 228 78 233
78 0 80 3
78 4 89 4
78 5 89 5
78 8 89 8
78 9 89 9
78 10 89 10
78 11 89 11
78 13 89 13
78 25 78 36
78 52 89 52
78 55 79 60
78 115 89 115
78 126 89 126
78 127 89 127
78 129 79 133
78 148 89 148
78 169 80 172
78 173 89 173
78 174 89 174
78 177 89 177
78 178 89 178
78 191 89 191
78 199 89 199
78 202 89 202
78 225 89 225
78 226 89 226
78 248 89 248
78 249 89 249
79 17 80 20
79 25 79 36
79 39 80 44
79 45 80 48
79 53 90 53
79 54 90 54
79 74 90 74
79 76 90 76
79 77 84 78
79 80 80 83
79 88 81 91
79 93 90 93
79 100 90 100
79 102 81 105
79 117 90 117
79 118 90 118
79 134 80 139
79 142 81 145
79 160 81 162
79 183 90 183
79 190 90 190
79 192 81 195
79 203 79 211
79 215 81 218
79 228 80 233
79 236 90 236
79 240 90 240
80 6 91 6
80 7 91 7
80 25 80 36
80 55 81 60
80 70 91 70
80 92 91 92
80 129 81 133
80 184 91 184
80 203 81 208
80 209 82 211
80 241 91 241
80 242 91 242
80 247 91 247
81 0 83 3
81 17 82 21
81 24 81 35
81 36 92 36
81 39 81 48
81 69 92 69
81 80 83 83
81 97 92 97
81 98 92 98
81 125 92 125
81 134 82 139
81 169 92 169
81 170 92 170
81 171 92 171
81 172 92 172
81 179 92 179
81 180 92 180
81 182 92 182
81 186 92 186
81 187 92 187
81 212 92 212
81 213 92 213
81 228 82 233
81 237 92 237
81 238 92 238
82 15 87 16
82 24 82 35
82 39 82 48
82 55 83 60
82 61 93 61
82 65 93 65
82 73 93 73
82 85 87 86
82 88 84 91
82 101 83 105
82 107 93 107
82 112 93 112
82 129 83 133
82 142 83 145
82 154 93 154
82 156 83 161
82 162 93 162
82 163 93 163
82 164 93 164
82 189 93 189
82 192 83 196
82 198 93 198
82 203 83 208
82 215 84 218
82 244 93 244
83 12 94 12
83 17 94 17
83 18 85 21
83 24 83 35
83 39 84 44
83 45 85 48
83 67 94 67
83 79 94 79
83 134 84 139
83 188 94 188
83 209 85 211
83 219 94 219
83 228 85 231
83 232 94 232
83 233 94 233
83 234 94 234
84 0 86 3
84 14 95 14
84 24 85 29
84 30 85 35
84 55 86 58
84 59 95 59
84 60 95 60
84 80 95 80
84 81 95 81
84 82 95 82
84 83 95 83
84 87 95 87
84 96 95 96
84 101 85 105
84 129 95 129
84 130 86 133
84 142 86 145
84 156 85 161
84 176 95 176
84 185 95 185
84 192 85 196
84 200 95 200
84 203 85 208
84 223 95 223
84 224 95 224
84 227 95 227
85 39 86 44
85 49 96 49
85 50 96 50
85 62 87 64
85 77 96 77
85 78 96 78
85 88 87 91
85 99 96 99
85 113 96 113
85 120 96 120
85 134 86 139
85 166 87 168
85 181 96 181
85 215 86 218
86 18 97 18
86 19 97 19
86 20 97 20
86 21 97 21
86 24 86 35
86 45 88 48
86 94 97 94
86 95 97 95
86 101 87 105
86 116 97 116
86 140 97 140
86 156 88 159
86 161 97 161
86 192 87 196
86 201 97 201
86 203 87 208
86 209 88 211
86 228 87 231
86 245 97 245
86 246 97 246
87 0 89 3
87 22 87 33
87 34 98 34
87 35 98 35
87 37 87 44
87 55 89 58
87 75 98 75
87 108 89 111
87 128 98 128
87 130 89 133
87 134 88 139
87 141 89 144
87 145 98 145
87 165 98 165
87 214 89 217
87 218 98 218
87 235 98 235
87 239 98 239
87 243 98 243
88 15 99 15
88 16 99 16
88 22 89 27
88 28 89 33
88 37 89 42
88 62 90 64
88 71 99 71
88 72 99 72
88 84 90 86
88 88 90 91
88 101 89 106
88 119 99 119
88 121 90 124
88 147 99 147
88 155 99 155
88 166 90 168
88 192 99 192
88 193 99 193
88 194 99 194
88 195 99 195
88 203 89 208
88 220 93 221
88 222 99 222
88 228 90 231
89 44 91 47
89 48 100 48
89 51 100 51
89 66 100 66
89 134 90 139
89 149 90 153
89 156 90 160
89 196 94 197
89 209 100 209
89 210 100 210
89 211 100 211
90 0 91 5
90 8 92 11
90 13 101 13
90 22 90 33
90 37 91 42
90 52 101 52
90 55 91 58
90 68 101 68
90 101 91 106
90 108 92 111
90 114 95 115
90 126 95 127
90 130 92 133
90 141 91 144
90 148 101 148
90 173 92 175
90 177 101 177
90 178 101 178
90 191 101 191
90 199 101 199
90 202 91 207
90 208 101 208
90 214 92 217
90 225 101 225
90 226 101 226
90 248 101 248
90 249 101 249
91 22 91 33
91 53 102 53
91 54 102 54
91 62 102 62
91 63 102 63
91 64 102 64
91 74 102 74
91 76 102 76
91 84 102 84
91 85 102 85
91 86 102 86
91 88 93 91
91 93 102 93
91 100 102 100
91 117 102 117
91 118 102 118
91 121 93 124
91 134 92 139
91 149 102 149
91 151 102 151
91 152 102 152
91 153 102 153
91 156 92 160
91 166 102 166
91 167 102 167
91 168 102 168
91 183 102 183
91 190 102 190
91 228 93 231
91 236 102 236
91 240 102 240
92 0 93 5
92 6 103 6
92 22 92 33
92 37 92 47
92 55 93 58
92 70 103 70
92 92 103 92
92 101 103 101
92 102 94 105
92 106 103 106
92 141 103 141
92 142 103 142
92 143 103 143
92 144 103 144
92 146 103 146
92 202 93 207
92 241 103 241
92 242 103 242
92 247 103 247
93 7 94 11
93 22 93 33
93 36 93 47
93 69 104 69
93 97 104 97
93 98 104 98
93 108 94 111
93 125 104 125
93 130 93 139
93 156 94 160
93 169 94 174
93 175 104 175
93 179 104 179
93 180 104 180
93 182 104 182
93 184 104 184
93 186 104 186
93 187 104 187
93 212 94 217
93 237 104 237
93 238 104 238
94 0 95 5
94 22 94 33
94 36 94 47
94 55 95 58
94 61 105 61
94 65 105 65
94 73 105 73
94 88 96 91
94 107 105 107
94 112 105 112
94 121 96 124
94 130 94 139
94 154 105 154
94 162 96 164
94 189 105 189
94 198 105 198
94 202 95 207
94 220 105 220
94 228 96 231
94 244 105 244
95 7 96 12
95 17 106 17
95 22 95 33
95 36 95 47
95 67 106 67
95 79 106 79
95 102 97 105
95 108 97 111
95 130 106 130
95 131 96 136
95 137 97 139
95 150 106 150
95 156 96 160
95 169 96 174
95 188 106 188
95 196 106 196
95 197 106 197
95 212 96 217
95 219 106 219
95 221 106 221
95 232 97 234
96 0 98 3
96 4 107 4
96 5 107 5
96 14 107 14
96 22 96 33
96 36 107 36
96 37 107 37
96 39 107 39
96 40 98 43
96 44 98 47
96 55 97 60
96 80 97 83
96 87 107 87
96 96 107 96
96 115 107 115
96 126 107 126
96 127 107 127
96 129 107 129
96 176 107 176
96 185 107 185
96 200 107 200
96 202 97 207
96 223 107 223
96 224 107 224
96 227 107 227
97 7 98 12
97 22 97 33
97 38 108 38
97 49 108 49
97 50 108 50
97 77 108 77
97 78 108 78
97 88 99 91
97 113 102 114
97 120 98 124
97 131 99 134
97 135 108 135
97 136 108 136
97 156 98 160
97 162 99 164
97 169 98 174
97 181 108 181
97 212 99 215
97 216 102 217
97 228 99 231
98 18 99 23
98 24 98 33
98 55 99 60
98 80 100 83
98 94 109 94
98 102 99 105
98 108 100 111
98 116 109 116
98 137 99 140
98 161 109 161
98 201 99 206
98 207 109 207
98 232 109 232
98 233 109 233
98 234 109 234
98 245 109 245
99 0 101 3
99 7 100 12
99 24 99 35
99 40 110 40
99 41 100 46
99 120 100 124
99 128 110 128
99 145 110 145
99 156 100 160
99 165 110 165
99 169 100 174
99 218 110 218
99 235 110 235
99 239 110 239
99 243 110 243
99 246 110 246
100 15 111 15
100 16 111 16
100 18 100 29
100 30 102 33
100 34 111 34
100 35 111 35
100 55 101 60
100 71 111 71
100 72 111 72
100 75 111 75
100 88 101 91
100 102 111 102
100 103 111 103
100 104 111 104
100 105 111 105
100 119 111 119
100 131 102 134
100 137 101 140
100 147 111 147
100 162 111 162
100 163 111 163
100 164 111 164
100 192 111 192
100 193 111 193
100 194 111 194
100 195 111 195
100 201 101 206
100 212 101 215
100 222 111 222
100 228 101 231
101 7 102 12
101 18 101 29
101 41 102 46
101 47 106 48
101 51 112 51
101 66 112 66
101 80 103 83
101 108 102 111
101 120 102 124
101 155 102 160
101 169 102 174
101 209 103 211
102 0 104 3
102 13 113 13
102 18 102 29
102 52 113 52
102 55 103 60
102 68 113 68
102 88 104 91
102 137 103 140
102 177 113 177
102 191 113 191
102 199 113 199
102 201 103 206
102 208 113 208
102 212 103 215
102 225 113 225
102 226 113 226
102 228 103 231
102 248 113 248
103 7 104 12
103 18 103 29
103 30 104 33
103 41 104 46
103 53 114 53
103 54 114 54
103 62 108 63
103 64 114 64
103 74 114 74
103 76 114 76
103 84 105 86
103 93 114 93
103 95 114 95
103 99 108 100
103 108 104 111
103 113 114 113
103 114 114 114
103 117 114 117
103 120 105 123
103 124 114 124
103 131 105 134
103 148 108 149
103 151 105 153
103 155 104 160
103 166 103 174
103 183 114 183
103 190 114 190
103 216 108 217
103 236 114 236
103 240 114 240
104 6 115 6
104 18 104 29
104 55 105 60
104 80 106 83
104 92 115 92
104 101 115 101
104 137 105 142
104 143 115 143
104 144 115 144
104 146 115 146
104 166 106 169
104 170 115 170
104 171 115 171
104 172 115 172
104 173 115 173
104 174 115 174
104 201 105 206
104 209 105 214
104 215 115 215
104 228 115 228
104 229 115 229
104 230 115 230
104 231 115 231
104 241 115 241
104 242 115 242
104 247 115 247
105 0 106 3
105 7 106 12
105 18 105 29
105 30 107 33
105 41 106 46
105 69 116 69
105 88 106 91
105 97 116 97
105 98 116 98
105 108 107 111
105 125 116 125
105 155 106 160
105 178 107 180
105 182 116 182
105 184 116 184
105 186 116 186
105 237 116 237
106 18 106 29
106 55 107 60
106 65 117 65
106 73 117 73
106 84 117 84
106 85 117 85
106 86 117 86
106 106 111 107
106 112 117 112
106 120 108 123
106 131 108 134
106 137 107 142
106 151 108 154
106 187 117 187
106 189 117 189
106 198 117 198
106 201 107 206
106 209 107 214
106 220 117 220
106 244 117 244
107 0 109 3
107 7 108 12
107 17 107 28
107 41 108 46
107 47 118 47
107 48 118 48
107 79 108 83
107 88 108 91
107 118 118 118
107 130 118 130
107 155 108 160
107 166 108 169
107 188 118 188
107 196 118 196
107 197 118 197
107 219 118 219
107 221 118 221
108 4 119 4
108 5 119 5
108 14 119 14
108 17 108 28
108 29 110 32
108 33 119 33
108 36 119 36
108 37 119 37
108 39 119 39
108 55 109 60
108 87 119 87
108 96 119 96
108 108 110 111
108 115 119 115
108 126 113 127
108 129 119 129
108 137 109 142
108 175 119 175
108 176 119 176
108 178 119 178
108 179 119 179
108 180 119 180
108 185 119 185
108 200 109 205
108 206 119 206
108 209 109 214
108 223 119 223
108 224 119 224
108 227 119 227
108 249 119 249
109 7 110 12
109 17 109 28
109 38 120 38
109 41 110 46
109 50 120 50
109 61 111 63
109 77 110 82
109 83 120 83
109 88 110 91
109 99 120 99
109 100 120 100
109 120 111 123
109 131 110 136
109 148 109 159
109 160 120 160
109 166 111 169
109 181 120 181
109 216 120 216
109 217 120 217
109 238 120 238
110 0 112 3
110 17 110 28
110 49 121 49
110 55 111 60
110 94 121 94
110 116 121 116
110 137 111 142
110 148 111 153
110 154 111 159
110 161 121 161
110 200 111 205
110 207 121 207
110 209 111 214
110 232 121 232
110 233 121 233
110 245 121 245
111 7 113 10
111 11 122 11
111 17 111 28
111 29 122 29
111 30 122 30
111 31 122 31
111 32 122 32
111 40 112 45
111 46 122 46
111 67 122 67
111 77 112 82
111 88 113 91
111 108 113 111
111 128 122 128
111 131 112 136
111 145 122 145
111 165 122 165
111 218 122 218
111 234 116 235
111 239 122 239
111 243 122 243
111 246 122 246
112 15 113 20
112 21 112 28
112 34 123 34
112 35 123 35
112 55 112 63
112 70 114 72
112 75 123 75
112 102 113 107
112 119 113 123
112 137 113 142
112 147 112 158
112 159 123 159
112 162 123 162
112 163 123 163
112 164 123 164
112 166 114 169
112 192 123 192
112 193 123 193
112 194 123 194
112 195 123 195
112 200 113 205
112 209 113 214
112 222 123 222
113 0 114 3
113 21 114 26
113 27 124 27
113 40 114 45
113 51 124 51
113 55 113 63
113 66 124 66
113 77 114 82
113 131 114 136
113 147 114 152
113 153 114 158
114 7 116 10
114 13 125 13
114 15 115 20
114 28 125 28
114 52 125 52
114 55 114 63
114 68 125 68
114 88 116 91
114 102 114 111
114 119 115 123
114 126 125 126
114 127 125 127
114 137 116 140
114 141 125 141
114 177 125 177
114 191 125 191
114 199 115 204
114 205 125 205
114 208 115 213
114 214 125 214
114 225 125 225
114 226 125 226
114 248 125 248
115 0 116 3
115 21 117 24
115 25 126 25
115 26 126 26
115 40 116 45
115 53 115 64
115 70 117 72
115 74 126 74
115 76 117 79
115 80 126 80
115 81 126 81
115 82 126 82
115 93 126 93
115 95 126 95
115 102 115 111
115 113 126 113
115 114 126 114
115 117 126 117
115 124 126 124
115 131 116 136
115 142 126 142
115 147 115 158
115 166 116 169
115 183 126 183
115 190 126 190
115 236 126 236
116 6 127 6
116 16 118 19
116 20 127 20
116 53 116 64
116 92 127 92
116 101 116 111
116 119 117 123
116 143 127 143
116 144 127 144
116 146 116 157
116 158 127 158
116 170 118 173
116 174 127 174
116 199 127 199
116 200 127 200
116 201 118 204
116 208 117 213
116 215 127 215
116 228 127 228
116 229 127 229
116 230 127 230
116 231 127 231
116 240 121 241
116 242 127 242
116 247 127 247
117 0 118 3
117 7 119 10
117 15 128 15
117 40 118 45
117 53 117 64
117 69 128 69
117 88 118 91
117 97 128 97
117 98 128 98
117 101 117 111
117 125 128 125
117 131 118 136
117 137 118 140
117 146 117 157
117 166 118 169
117 182 128 182
117 234 128 234
117 235 128 235
117 237 128 237
118 21 120 24
118 53 118 64
118 65 129 65
118 70 120 73
118 76 120 79
118 84 120 86
118 101 118 112
118 119 120 122
118 123 129 123
118 146 118 157
118 186 129 186
118 187 129 187
118 189 129 189
118 198 129 198
118 208 119 213
118 220 129 220
118 244 129 244
119 0 121 3
119 16 121 19
119 40 121 43
119 44 130 44
119 45 130 45
119 47 130 47
119 48 130 48
119 53 120 58
119 59 120 64
119 88 120 91
119 101 119 112
119 118 130 118
119 130 120 135
119 136 121 139
119 140 130 140
119 146 119 157
119 166 130 166
119 167 130 167
119 168 130 168
119 169 124 170
119 171 130 171
119 172 124 173
119 188 130 188
119 196 130 196
119 197 130 197
119 201 121 204
119 219 130 219
119 221 130 221
120 4 131 4
120 5 131 5
120 7 131 7
120 8 131 8
120 9 131 9
120 10 131 10
120 14 131 14
120 36 131 36
120 37 131 37
120 39 131 39
120 87 131 87
120 96 131 96
120 101 120 112
120 115 131 115
120 129 131 129
120 146 121 151
120 152 121 157
120 175 131 175
120 176 131 176
120 178 122 180
120 184 125 185
120 206 131 206
120 208 121 213
120 223 131 223
120 224 131 224
120 227 131 227
120 249 131 249
121 21 123 24
121 38 132 38
121 50 132 50
121 53 121 64
121 70 123 73
121 76 123 79
121 83 123 86
121 88 123 91
121 99 121 110
121 111 132 111
121 112 132 112
121 119 122 122
121 130 123 133
121 134 132 134
121 135 132 135
121 160 132 160
121 181 132 181
121 216 132 216
121 217 132 217
121 238 132 238
122 0 127 1
122 2 133 2
122 3 133 3
122 16 124 19
122 40 133 40
122 41 133 41
122 42 133 42
122 43 133 43
122 49 133 49
122 53 122 64
122 94 133 94
122 99 122 110
122 116 133 116
122 136 124 139
122 146 122 157
122 161 133 161
122 201 124 204
122 207 123 212
122 213 133 213
122 232 133 232
122 233 133 233
122 240 133 240
122 241 133 241
122 245 133 245
123 11 134 11
123 29 124 33
123 46 134 46
123 53 123 64
123 67 134 67
123 99 123 110
123 119 124 122
123 145 124 150
123 151 124 156
123 157 134 157
123 165 134 165
123 178 125 180
123 218 134 218
123 239 134 239
123 243 134 243
123 246 134 246
124 21 135 21
124 22 135 22
124 23 135 23
124 24 135 24
124 34 135 34
124 53 124 64
124 70 135 70
124 71 135 71
124 72 135 72
124 73 135 73
124 75 135 75
124 76 135 76
124 78 129 79
124 83 126 86
124 88 126 91
124 99 124 110
124 128 135 128
124 130 135 130
124 131 135 131
124 132 135 132
124 133 135 133
124 159 135 159
124 162 126 164
124 192 125 195
124 207 125 212
125 16 127 19
125 27 136 27
125 29 127 32
125 51 136 51
125 53 126 58
125 59 126 64
125 99 125 110
125 119 127 122
125 136 127 139
125 145 125 156
125 169 136 169
125 170 136 170
125 172 136 172
125 173 136 173
125 201 127 204
126 12 131 13
126 28 137 28
126 52 137 52
126 99 126 110
126 126 137 126
126 127 137 127
126 141 137 141
126 145 126 156
126 177 128 180
126 184 131 185
126 191 127 195
126 205 137 205
126 207 127 212
126 214 137 214
126 225 137 225
126 226 137 226
126 248 137 248
127 25 138 25
127 26 138 26
127 35 138 35
127 53 128 58
127 59 128 64
127 74 138 74
127 80 128 85
127 86 138 86
127 88 138 88
127 89 130 91
127 95 138 95
127 99 127 110
127 113 138 113
127 114 138 114
127 117 138 117
127 142 138 142
127 145 127 156
127 162 129 164
127 183 138 183
127 190 138 190
127 236 138 236
128 0 139 0
128 16 129 20
128 29 139 29
128 30 139 30
128 31 139 31
128 92 139 92
128 93 139 93
128 99 128 110
128 119 129 122
128 124 139 124
128 136 129 139
128 143 128 154
128 155 139 155
128 156 139 156
128 158 139 158
128 191 130 194
128 195 139 195
128 199 129 204
128 207 129 212
128 215 139 215
128 228 139 228
128 229 139 229
128 230 139 230
128 242 139 242
128 247 139 247
129 15 140 15
129 32 134 33
129 53 129 64
129 68 134 69
129 80 130 85
129 97 129 108
129 109 140 109
129 125 140 125
129 143 131 146
129 147 130 152
129 153 140 153
129 154 140 154
129 177 130 180
129 182 140 182
129 234 140 234
129 235 140 235
130 1 141 1
130 6 141 6
130 16 132 19
130 20 141 20
130 53 130 64
130 65 141 65
130 66 141 66
130 77 132 79
130 97 130 108
130 119 132 122
130 136 132 139
130 162 132 164
130 186 141 186
130 187 141 187
130 189 141 189
130 198 131 203
130 204 141 204
130 207 131 212
130 220 141 220
130 222 141 222
130 231 141 231
131 44 142 44
131 45 142 45
131 47 136 48
131 53 131 64
131 80 132 85
131 89 133 91
131 97 131 108
131 118 142 118
131 140 142 140
131 147 132 152
131 166 142 166
131 167 142 167
131 168 142 168
131 171 142 171
131 177 142 177
131 178 142 178
131 179 136 180
131 188 142 188
131 191 133 194
131 196 142 196
131 197 142 197
131 219 142 219
131 221 142 221
131 244 142 244
132 4 143 4
132 5 143 5
132 7 133 10
132 12 134 14
132 36 143 36
132 37 143 37
132 39 143 39
132 53 132 64
132 87 143 87
132 96 132 107
132 108 143 108
132 129 143 129
132 143 134 146
132 174 134 176
132 184 143 184
132 185 143 185
132 198 133 203
132 206 133 211
132 212 143 212
132 223 143 223
132 224 143 224
132 227 143 227
132 249 143 249
133 16 135 19
133 38 144 38
133 50 144 50
133 53 133 64
133 77 135 80
133 82 135 85
133 96 135 99
133 100 134 105
133 106 144 106
133 107 144 107
133 111 138 112
133 115 144 115
133 119 134 123
133 134 134 139
133 147 134 152
133 160 144 160
133 162 135 164
133 181 144 181
133 216 144 216
133 217 144 217
133 237 138 238
134 2 145 2
134 7 136 10
134 40 136 43
134 49 145 49
134 53 134 64
134 89 136 91
134 94 145 94
134 116 145 116
134 161 145 161
134 191 135 194
134 198 145 198
134 199 136 202
134 203 145 203
134 206 136 209
134 210 145 210
134 211 145 211
134 213 145 213
134 232 139 233
134 240 145 240
134 241 145 241
135 3 146 3
135 11 136 14
135 46 146 46
135 53 135 64
135 67 146 67
135 68 146 68
135 69 146 69
135 100 136 105
135 119 136 123
135 134 136 139
135 143 135 152
135 157 146 157
135 165 146 165
135 174 140 175
135 176 146 176
135 218 146 218
135 239 146 239
135 245 140 246
136 16 138 19
136 21 138 24
136 34 147 34
136 53 136 64
136 70 138 73
136 75 136 85
136 96 137 99
136 128 147 128
136 130 138 133
136 143 136 152
136 159 147 159
136 162 138 164
136 191 137 194
137 7 138 12
137 13 148 13
137 14 148 14
137 27 148 27
137 40 139 43
137 47 148 47
137 48 148 48
137 51 148 51
137 53 137 64
137 75 137 85
137 89 139 91
137 100 138 105
137 119 139 122
137 123 148 123
137 134 138 139
137 143 137 152
137 169 142 170
137 172 148 172
137 173 148 173
137 179 148 179
137 180 148 180
137 199 139 202
137 206 138 209
138 32 149 32
138 52 138 63
138 64 149 64
138 75 138 85
138 96 149 96
138 97 149 97
138 98 149 98
138 99 149 99
138 126 143 127
138 141 149 141
138 143 139 148
138 149 149 149
138 151 149 151
138 152 149 152
138 191 140 194
138 205 149 205
138 214 149 214
138 225 149 225
138 248 149 248
139 7 140 12
139 16 141 19
139 21 140 26
139 52 139 63
139 70 139 81
139 82 150 82
139 83 141 86
139 88 150 88
139 95 150 95
139 100 141 103
139 104 150 104
139 105 150 105
139 110 140 114
139 117 150 117
139 130 141 133
139 134 140 139
139 142 150 142
139 162 150 162
139 163 150 163
139 164 150 164
139 183 150 183
139 190 150 190
139 206 150 206
139 207 144 208
139 209 150 209
139 236 150 236
139 237 150 237
140 0 151 0
140 28 141 31
140 40 142 43
140 52 142 55
140 56 141 61
140 62 151 62
140 63 151 63
140 70 140 81
140 89 141 93
140 119 142 122
140 124 151 124
140 143 141 148
140 155 151 155
140 195 151 195
140 199 151 199
140 200 151 200
140 201 151 201
140 202 151 202
140 215 151 215
140 228 151 228
140 229 151 229
140 230 151 230
140 232 151 232
140 233 151 233
140 242 151 242
140 247 151 247
141 7 142 12
141 15 152 15
141 21 152 21
141 22 152 22
141 23 152 23
141 24 152 24
141 25 152 25
141 26 152 26
141 70 141 81
141 109 142 114
141 125 152 125
141 134 142 139
141 153 152 153
141 154 152 154
141 175 152 175
141 182 152 182
141 191 143 194
141 234 152 234
141 235 152 235
141 245 146 246
142 1 153 1
142 6 153 6
142 16 143 20
142 28 147 29
142 30 153 30
142 31 153 31
142 33 153 33
142 56 143 61
142 65 153 65
142 66 153 66
142 70 142 81
142 83 143 86
142 89 143 93
142 100 153 100
142 101 153 101
142 102 153 102
142 103 153 103
142 130 144 133
142 143 143 148
142 174 153 174
142 186 153 186
142 187 153 187
142 220 153 220
142 222 153 222
142 226 153 226
143 7 145 10
143 11 154 11
143 12 154 12
143 40 144 45
143 52 145 55
143 70 145 73
143 74 144 79
143 80 154 80
143 109 145 112
143 113 154 113
143 114 154 114
143 118 144 122
143 134 144 139
143 140 154 140
143 150 154 150
143 166 144 171
143 177 154 177
143 178 154 178
143 188 154 188
143 189 154 189
143 196 154 196
143 221 154 221
144 4 155 4
144 16 145 20
144 35 149 36
144 37 155 37
144 39 155 39
144 56 145 61
144 81 155 81
144 83 155 83
144 84 146 87
144 89 155 89
144 91 155 91
144 92 155 92
144 108 155 108
144 126 155 126
144 127 155 127
144 129 155 129
144 143 145 148
144 158 155 158
144 184 155 184
144 185 155 185
144 191 145 194
144 212 155 212
144 219 155 219
144 223 155 223
144 224 155 224
144 227 155 227
144 238 155 238
144 249 155 249
145 5 156 5
145 38 156 38
145 40 146 45
145 50 156 50
145 74 146 79
145 106 156 106
145 107 156 107
145 118 147 121
145 122 156 122
145 130 146 135
145 136 147 139
145 160 156 160
145 166 146 171
145 204 156 204
145 207 156 207
145 208 156 208
145 216 156 216
145 217 156 217
146 2 157 2
146 7 157 7
146 9 157 9
146 10 157 10
146 16 147 20
146 52 146 61
146 70 157 70
146 71 157 71
146 72 157 72
146 73 157 73
146 93 151 94
146 109 147 112
146 116 157 116
146 143 147 148
146 161 157 161
146 191 148 194
146 197 151 198
146 203 157 203
146 210 157 210
146 211 157 211
146 240 157 240
146 241 157 241
146 243 157 243
147 3 158 3
147 40 148 45
147 46 158 46
147 49 158 49
147 52 148 57
147 58 149 61
147 67 152 68
147 69 158 69
147 74 148 79
147 84 152 85
147 86 158 86
147 87 158 87
147 90 158 90
147 115 158 115
147 130 158 130
147 131 149 134
147 135 158 135
147 157 158 157
147 165 148 170
147 171 158 171
147 176 158 176
147 218 158 218
147 245 158 245
147 246 158 246
148 8 159 8
148 16 159 16
148 17 159 17
148 18 159 18
148 19 159 19
148 20 159 20
148 28 159 28
148 29 159 29
148 34 159 34
148 109 159 109
148 110 159 110
148 111 159 111
148 112 159 112
148 118 159 118
148 119 159 119
148 120 159 120
148 121 159 121
148 128 159 128
148 136 150 139
148 143 149 148
148 159 159 159
148 231 159 231
149 13 160 13
149 14 160 14
149 27 160 27
149 40 151 43
149 44 160 44
149 45 160 45
149 47 160 47
149 51 150 56
149 57 160 57
149 74 160 74
149 75 151 78
149 79 160 79
149 123 160 123
149 156 160 156
149 165 150 170
149 172 160 172
149 173 160 173
149 179 160 179
149 180 160 180
149 191 151 194
149 239 160 239
150 32 161 32
150 35 161 35
150 36 161 36
150 58 151 61
150 64 161 64
150 96 155 97
150 98 161 98
150 99 161 99
150 131 152 134
150 141 161 141
150 143 151 148
150 151 161 151
150 152 161 152
150 205 161 205
150 214 161 214
150 225 161 225
150 244 161 244
150 248 161 248
151 48 162 48
151 51 152 56
151 82 162 82
151 88 162 88
151 95 162 95
151 104 162 104
151 105 162 105
151 117 162 117
151 136 153 139
151 142 162 142
151 162 151 170
151 183 162 183
151 190 162 190
151 206 162 206
151 209 162 209
151 213 162 213
151 236 162 236
151 237 162 237
152 0 163 0
152 41 155 43
152 58 153 63
152 75 154 78
152 93 163 93
152 94 163 94
152 124 163 124
152 143 153 148
152 149 163 149
152 155 163 155
152 162 153 167
152 168 163 168
152 169 163 169
152 170 163 170
152 181 163 181
152 191 153 195
152 197 153 202
152 215 163 215
152 228 163 228
152 229 163 229
152 230 163 230
152 232 163 232
152 233 163 233
153 15 164 15
153 21 154 26
153 51 155 54
153 55 164 55
153 56 164 56
153 67 164 67
153 68 164 68
153 85 164 85
153 125 164 125
153 131 155 134
153 153 164 153
153 154 164 154
153 175 164 175
153 182 164 182
153 234 164 234
153 235 164 235
153 242 164 242
154 1 165 1
154 6 165 6
154 30 165 30
154 31 165 31
154 33 165 33
154 40 165 40
154 58 155 63
154 65 165 65
154 66 165 66
154 100 156 103
154 136 156 139
154 143 155 148
154 162 155 167
154 174 165 174
154 187 165 187
154 191 155 195
154 197 155 202
154 220 165 220
154 222 165 222
154 226 165 226
155 11 166 11
155 12 166 12
155 21 156 26
155 75 157 78
155 80 166 80
155 113 166 113
155 114 166 114
155 150 166 150
155 177 166 177
155 178 166 178
155 188 166 188
155 189 166 189
155 196 166 196
155 221 166 221
156 4 167 4
156 39 167 39
156 41 167 41
156 42 161 43
156 51 158 54
156 58 157 63
156 81 167 81
156 83 167 83
156 89 167 89
156 92 167 92
156 96 167 96
156 97 167 97
156 108 167 108
156 126 167 126
156 127 167 127
156 129 167 129
156 131 158 134
156 140 167 140
156 143 157 148
156 162 157 167
156 185 167 185
156 191 157 195
156 197 157 202
156 219 167 219
156 224 167 224
156 238 167 238
156 247 167 247
156 249 167 249
157 5 168 5
157 21 158 26
157 37 162 38
157 50 168 50
157 84 168 84
157 91 168 91
157 100 158 103
157 106 168 106
157 107 168 107
157 122 168 122
157 136 158 139
157 158 168 158
157 160 168 160
157 204 168 204
157 207 168 207
157 208 168 208
157 216 168 216
157 217 168 217
158 2 169 2
158 7 169 7
158 9 169 9
158 10 169 10
158 58 160 61
158 62 169 62
158 63 169 63
158 70 160 73
158 75 160 78
158 116 169 116
158 143 160 146
158 147 169 147
158 148 169 148
158 161 159 166
158 167 169 167
158 191 159 195
158 197 159 202
158 203 169 203
158 210 160 212
158 223 169 223
158 227 169 227
158 240 163 241
158 243 169 243
159 3 170 3
159 21 160 26
159 49 170 49
159 51 161 54
159 69 170 69
159 86 164 87
159 100 170 100
159 101 170 101
159 102 170 102
159 103 170 103
159 115 170 115
159 130 159 139
159 157 170 157
159 176 170 176
159 184 170 184
159 186 170 186
159 218 170 218
159 245 164 246
160 8 171 8
160 16 162 19
160 28 165 29
160 34 171 34
160 46 171 46
160 109 161 112
160 118 161 121
160 128 171 128
160 130 160 139
160 159 171 159
160 161 161 166
160 191 161 195
160 197 161 202
160 231 171 231
161 13 172 13
161 14 172 14
161 20 162 25
161 26 172 26
161 27 172 27
161 44 172 44
161 45 172 45
161 47 172 47
161 57 163 60
161 61 172 61
161 70 162 75
161 76 163 79
161 130 161 139
161 143 172 143
161 144 172 144
161 145 172 145
161 146 172 146
161 156 172 156
161 171 172 171
161 172 172 172
161 179 172 179
161 210 163 212
161 239 172 239
162 35 173 35
162 36 173 36
162 42 173 42
162 51 173 51
162 52 173 52
162 53 173 53
162 54 173 54
162 64 173 64
162 90 173 90
162 98 167 99
162 109 164 112
162 118 164 121
162 130 163 135
162 136 163 139
162 151 173 151
162 161 163 166
162 191 163 195
162 197 163 202
162 205 173 205
162 214 173 214
162 225 173 225
162 244 173 244
162 248 173 248
163 16 163 25
163 37 174 37
163 38 174 38
163 43 174 43
163 48 174 48
163 70 164 75
163 82 174 82
163 88 174 88
163 95 174 95
163 104 174 104
163 105 174 105
163 141 174 141
163 142 174 142
163 183 174 183
163 190 174 190
163 206 174 206
163 209 174 209
163 213 174 213
163 236 174 236
163 237 174 237
164 0 175 0
164 16 164 25
164 57 166 60
164 76 166 79
164 93 175 93
164 94 175 94
164 123 169 124
164 130 165 135
164 137 175 137
164 138 175 138
164 139 175 139
164 152 175 152
164 155 175 155
164 161 166 164
164 165 175 165
164 166 175 166
164 168 175 168
164 169 175 169
164 170 175 170
164 180 175 180
164 181 175 181
164 191 165 195
164 197 165 202
164 210 166 212
164 215 175 215
164 228 175 228
164 229 175 229
164 230 175 230
164 232 175 232
164 240 175 240
164 241 175 241
165 15 165 25
165 55 176 55
165 56 176 56
165 67 170 68
165 70 166 75
165 85 167 87
165 109 166 112
165 117 167 120
165 125 176 125
165 136 176 136
165 149 176 149
165 153 176 153
165 173 176 173
165 175 176 175
165 182 176 182
165 233 176 233
165 234 176 234
165 235 176 235
165 242 176 242
165 245 176 245
165 246 176 246
166 1 177 1
166 6 177 6
166 15 166 25
166 28 167 33
166 40 177 40
166 65 171 66
166 130 177 130
166 131 177 131
166 132 177 132
166 134 177 134
166 135 177 135
166 174 177 174
166 187 177 187
166 191 168 194
166 195 177 195
166 197 167 202
166 220 177 220
166 222 177 222
166 226 177 226
167 11 178 11
167 12 178 12
167 15 167 25
167 57 169 60
167 70 167 80
167 109 168 114
167 121 178 121
167 150 178 150
167 161 169 164
167 177 178 177
167 188 178 188
167 189 178 189
167 196 178 196
167 210 169 212
167 221 178 221
168 4 179 4
168 15 168 25
168 28 170 31
168 32 179 32
168 39 179 39
168 70 168 81
168 83 179 83
168 85 179 85
168 86 179 86
168 87 179 87
168 89 179 89
168 92 179 92
168 96 170 99
168 108 179 108
168 117 170 120
168 126 179 126
168 127 179 127
168 133 179 133
168 178 179 178
168 185 179 185
168 197 169 202
168 219 179 219
168 224 179 224
168 238 179 238
168 249 179 249
169 5 180 5
169 15 169 25
169 41 180 41
169 50 180 50
169 70 169 81
169 84 180 84
169 91 180 91
169 106 180 106
169 107 180 107
169 110 171 113
169 114 180 114
169 129 180 129
169 158 180 158
169 191 171 194
169 204 180 204
169 207 180 207
169 216 180 216
169 217 180 217
169 247 180 247
170 2 181 2
170 7 181 7
170 9 181 9
170 10 181 10
170 15 170 25
170 57 172 60
170 62 181 62
170 63 181 63
170 70 170 81
170 116 181 116
170 122 172 124
170 147 181 147
170 148 181 148
170 160 173 162
170 163 181 163
170 164 181 164
170 167 181 167
170 197 171 202
170 211 181 211
170 212 181 212
170 223 181 223
170 227 181 227
170 243 181 243
171 3 182 3
171 15 171 25
171 28 173 31
171 49 182 49
171 67 171 78
171 79 182 79
171 80 182 80
171 81 182 81
171 96 172 101
171 102 182 102
171 115 182 115
171 117 173 120
171 157 182 157
171 176 182 176
171 184 182 184
171 186 182 186
171 208 182 208
171 218 182 218
172 8 183 8
172 15 172 25
172 34 183 34
172 46 183 46
172 65 173 70
172 71 183 71
172 72 173 77
172 109 174 112
172 113 183 113
172 128 183 128
172 154 183 154
172 159 183 159
172 191 173 194
172 197 173 202
172 231 183 231
173 13 173 24
173 25 175 27
173 44 184 44
173 45 184 45
173 47 184 47
173 57 174 61
173 96 175 99
173 100 184 100
173 101 184 101
173 103 184 103
173 122 184 122
173 123 184 123
173 143 175 146
173 156 184 156
173 171 184 171
173 172 184 172
173 179 184 179
173 239 184 239
174 13 174 24
174 28 185 28
174 30 185 30
174 31 185 31
174 33 185 33
174 35 185 35
174 36 185 36
174 42 185 42
174 51 176 54
174 64 175 69
174 70 185 70
174 72 175 77
174 78 185 78
174 90 185 90
174 117 176 120
174 151 185 151
174 160 185 160
174 162 185 162
174 191 176 194
174 197 175 202
174 205 185 205
174 214 185 214
174 248 185 248
175 13 175 24
175 37 180 38
175 43 186 43
175 57 176 61
175 82 186 82
175 88 186 88
175 95 186 95
175 104 186 104
175 105 186 105
175 109 176 112
175 124 186 124
175 141 186 141
175 142 186 142
175 183 186 183
175 190 186 190
175 206 186 206
175 209 186 209
175 210 186 210
175 213 186 213
175 236 186 236
175 237 186 237
176 0 187 0
176 13 176 24
176 25 181 26
176 27 187 27
176 48 187 48
176 64 177 69
176 72 177 77
176 93 187 93
176 94 187 94
176 96 178 99
176 137 178 140
176 143 178 146
176 152 187 152
176 155 187 155
176 165 187 165
176 166 187 166
176 168 187 168
176 169 187 169
176 180 187 180
176 181 187 181
176 197 177 202
176 215 187 215
176 228 187 228
176 229 187 229
176 230 187 230
176 232 187 232
176 240 187 240
177 13 177 24
177 51 177 61
177 110 188 110
177 111 188 111
177 112 188 112
177 117 179 120
177 125 188 125
177 136 188 136
177 173 188 173
177 182 188 182
177 191 178 194
177 203 188 203
177 233 179 235
177 241 182 242
177 245 182 246
178 1 189 1
178 6 189 6
178 13 178 24
178 29 189 29
178 40 189 40
178 51 178 61
178 64 179 69
178 72 179 77
178 109 189 109
178 130 189 130
178 131 189 131
178 134 189 134
178 149 189 149
178 153 189 153
178 174 189 174
178 187 189 187
178 195 189 195
178 197 179 202
178 220 189 220
178 222 189 222
178 225 183 226
179 11 179 22
179 23 190 23
179 51 179 61
179 96 181 99
179 121 190 121
179 135 190 135
179 137 180 140
179 143 180 146
179 150 190 150
179 177 190 177
179 188 190 188
179 189 190 189
179 191 181 194
179 196 190 196
179 221 190 221
180 4 191 4
180 11 180 22
180 32 191 32
180 39 191 39
180 51 181 56
180 57 182 60
180 61 191 61
180 64 181 69
180 72 181 77
180 83 191 83
180 85 191 85
180 86 191 86
180 87 191 87
180 89 191 89
180 92 191 92
180 108 191 108
180 117 182 120
180 126 191 126
180 127 191 127
180 161 191 161
180 170 191 170
180 178 191 178
180 185 191 185
180 197 182 200
180 201 191 201
180 202 191 202
180 219 191 219
180 224 191 224
180 233 182 235
180 238 191 238
180 249 191 249
181 5 192 5
181 11 181 22
181 37 192 37
181 38 192 38
181 41 192 41
181 50 192 50
181 84 192 84
181 91 192 91
181 106 192 106
181 114 192 114
181 129 192 129
181 137 183 140
181 143 183 146
181 204 192 204
181 207 192 207
181 216 192 216
181 217 192 217
181 244 192 244
181 247 192 247
182 7 193 7
182 9 182 20
182 21 193 21
182 22 193 22
182 25 193 25
182 51 193 51
182 52 187 53
182 54 185 56
182 62 182 69
182 72 183 77
182 96 183 99
182 107 193 107
182 116 193 116
182 147 193 147
182 158 193 158
182 163 193 163
182 164 193 164
182 175 193 175
182 191 184 194
182 211 193 211
182 212 193 212
182 227 193 227
182 243 193 243
183 2 188 3
183 9 183 20
183 49 194 49
183 57 185 60
183 62 183 69
183 79 194 79
183 80 194 80
183 81 194 81
183 102 194 102
183 115 194 115
183 117 184 120
183 132 194 132
183 148 194 148
183 157 194 157
183 167 194 167
183 176 194 176
183 184 194 184
183 186 194 186
183 197 185 200
183 208 194 208
183 233 194 233
183 234 194 234
183 241 194 241
183 242 194 242
183 245 194 245
183 246 194 246
184 8 185 13
184 14 185 19
184 20 195 20
184 34 195 34
184 46 195 46
184 62 185 67
184 69 195 69
184 71 185 76
184 77 195 77
184 96 186 99
184 113 195 113
184 128 195 128
184 133 195 133
184 137 185 140
184 143 186 146
184 154 195 154
184 159 195 159
184 231 195 231
185 44 196 44
185 45 196 45
185 47 196 47
185 100 196 100
185 101 196 101
185 103 196 103
185 117 187 120
185 122 196 122
185 123 196 123
185 156 196 156
185 171 196 171
185 172 196 172
185 179 196 179
185 191 187 194
185 223 196 223
185 225 196 225
185 226 196 226
185 235 196 235
185 239 196 239
186 8 186 19
186 28 197 28
186 30 197 30
186 31 197 31
186 33 197 33
186 35 197 35
186 42 197 42
186 54 197 54
186 55 187 60
186 62 187 67
186 70 188 73
186 74 191 75
186 76 197 76
186 78 197 78
186 90 197 90
186 137 188 140
186 151 197 151
186 162 197 162
186 197 188 200
186 205 197 205
186 214 197 214
186 248 197 248
187 8 187 19
187 26 198 26
187 43 198 43
187 82 198 82
187 88 198 88
187 95 198 95
187 96 198 96
187 97 198 97
187 98 192 99
187 124 198 124
187 141 188 146
187 183 198 183
187 190 198 190
187 206 198 206
187 209 198 209
187 210 198 210
187 213 198 213
187 236 198 236
187 237 198 237
188 0 199 0
188 8 188 19
188 48 199 48
188 52 199 52
188 53 199 53
188 55 189 60
188 62 189 67
188 93 199 93
188 94 199 94
188 105 199 105
188 117 190 120
188 152 199 152
188 165 199 165
188 168 193 169
188 180 199 180
188 181 199 181
188 191 189 194
188 215 199 215
188 228 199 228
188 230 199 230
188 232 199 232
188 240 199 240
189 2 199 2
189 3 199 3
189 8 189 19
189 70 191 73
189 111 194 112
189 125 199 125
189 136 190 141
189 142 190 146
189 173 199 173
189 182 199 182
189 197 191 200
189 203 199 203
190 8 190 19
190 29 199 29
190 40 199 40
190 55 192 58
190 59 195 60
190 62 191 67
190 109 199 109
190 130 199 130
190 131 199 131
190 149 199 149
190 153 199 153
190 174 199 174
190 187 199 187
190 191 192 194
190 195 199 195
190 220 199 220
191 8 191 19
191 23 196 24
191 117 192 121
191 134 191 145
191 177 199 177
191 188 199 188
191 196 199 196
191 221 199 221
192 4 199 4
192 8 192 19
192 32 199 32
192 39 199 39
192 61 192 68
192 70 194 73
192 74 197 75
192 85 194 87
192 92 199 92
192 134 192 145
192 160 197 161
192 170 199 170
192 178 199 178
192 197 197 198
192 199 197 200
192 201 199 201
192 224 199 224
193 5 198 6
193 8 193 19
193 36 198 37
193 55 195 58
193 61 193 68
193 117 195 120
193 134 193 145
193 191 195 194
193 216 198 217
194 7 194 18
194 21 199 22
194 50 199 51
194 61 195 66
194 67 199 68
194 106 196 108
194 134 194 145
194 146 199 147
194 163 199 164
194 168 199 169
194 211 199 212
194 243 199 244
195 7 195 18
195 70 197 73
195 79 197 81
195 84 197 87
195 110 197 112
195 114 197 116
195 134 195 145
195 157 199 158
195 175 199 176
195 184 197 186
195 207 199 208
195 233 199 234
195 241 199 242
195 245 197 247
196 7 196 18
196 55 196 66
196 117 199 119
196 126 198 129
196 132 197 137
196 138 197 143
197 7 197 18
197 55 197 66
197 98 198 103
197 120 199 123
197 225 199 227
198 7 198 18
198 54 198 65
198 69 198 80
198 110 199 115
198 133 198 144
198 197 199 200
199 5 199 16
199 54 199 65
199 69 199 80
199 134 199 145
